app/manifest-merger-release-report.txt
-- Merging decision tree log ---
manifest
ADDED from AndroidManifest.xml:2:1
	xmlns:android
		ADDED from AndroidManifest.xml:2:11
	package
		ADDED from AndroidManifest.xml:3:5
		INJECTED from AndroidManifest.xml:0:0
		INJECTED from AndroidManifest.xml:0:0
	android:versionName
		INJECTED from AndroidManifest.xml:0:0
		INJECTED from AndroidManifest.xml:0:0
	android:versionCode
		INJECTED from AndroidManifest.xml:0:0
		INJECTED from AndroidManifest.xml:0:0
uses-permission#android.permission.INTERNET
ADDED from AndroidManifest.xml:5:5
	android:name
		ADDED from AndroidManifest.xml:5:22
uses-permission#android.permission.ACCESS_FINE_LOCATION
ADDED from AndroidManifest.xml:6:5
	android:name
		ADDED from AndroidManifest.xml:6:22
uses-permission#android.permission.ACCESS_NETWORK_STATE
ADDED from AndroidManifest.xml:7:5
	android:name
		ADDED from AndroidManifest.xml:7:22
uses-permission#android.permission.ACCESS_COARSE_LOCATION
ADDED from AndroidManifest.xml:8:5
	android:name
		ADDED from AndroidManifest.xml:8:22
uses-permission#android.permission.USE_CREDENTIALS
ADDED from AndroidManifest.xml:9:5
	android:name
		ADDED from AndroidManifest.xml:9:22
uses-permission#android.permission.GET_ACCOUNTS
ADDED from AndroidManifest.xml:10:5
	android:name
		ADDED from AndroidManifest.xml:10:22
uses-permission#android.permission.READ_PROFILE
ADDED from AndroidManifest.xml:11:5
	android:name
		ADDED from AndroidManifest.xml:11:22
uses-permission#android.permission.RECEIVE_SMS
ADDED from AndroidManifest.xml:15:5
	android:name
		ADDED from AndroidManifest.xml:15:22
uses-permission#android.permission.READ_SMS
ADDED from AndroidManifest.xml:16:5
	android:name
		ADDED from AndroidManifest.xml:16:22
uses-permission#android.permission.READ_EXTERNAL_STORAGE
ADDED from AndroidManifest.xml:20:5
	android:name
		ADDED from AndroidManifest.xml:20:22
uses-permission#android.permission.WRITE_EXTERNAL_STORAGE
ADDED from AndroidManifest.xml:21:5
	android:name
		ADDED from AndroidManifest.xml:21:22
uses-permission#android.permission.WAKE_LOCK
ADDED from AndroidManifest.xml:25:5
	android:name
		ADDED from AndroidManifest.xml:25:22
uses-permission#com.google.android.c2dm.permission.RECEIVE
ADDED from AndroidManifest.xml:26:5
	android:name
		ADDED from AndroidManifest.xml:26:22
uses-permission#com.findmycoach.app.permission.C2D_MESSAGE
ADDED from AndroidManifest.xml:27:5
	android:name
		ADDED from AndroidManifest.xml:27:22
application
ADDED from AndroidManifest.xml:29:5
MERGED from com.facebook.android:facebook:3.21.0:24:5
MERGED from com.android.support:support-v4:22.0.0:22:5
MERGED from com.google.android.gms:play-services:6.5.87:20:5
MERGED from com.android.support:support-v4:22.0.0:22:5
MERGED from com.android.support:appcompat-v7:22.0.0:22:5
MERGED from com.android.support:support-v4:22.0.0:22:5
MERGED from com.astuetz:pagerslidingtabstrip:1.0.1:4:5
MERGED from com.android.support:support-v4:22.0.0:22:5
MERGED from com.android.support:support-v4:22.0.0:22:5
MERGED from com.github.alamkanak:android-week-view:1.2.1:9:5
MERGED from com.android.support:appcompat-v7:22.0.0:22:5
MERGED from com.android.support:support-v4:22.0.0:22:5
MERGED from io.card:android-sdk:5.0.1:21:5
MERGED from com.android.support:recyclerview-v7:21.0.0:17:5
MERGED from com.android.support:support-v4:22.0.0:22:5
MERGED from com.android.support:support-v4:22.0.0:22:5
	android:label
		ADDED from AndroidManifest.xml:33:9
	android:allowBackup
		ADDED from AndroidManifest.xml:30:9
	android:icon
		ADDED from AndroidManifest.xml:32:9
	android:theme
		ADDED from AndroidManifest.xml:34:9
	android:hardwareAccelerated
		ADDED from AndroidManifest.xml:31:9
activity#com.findmycoach.app.activity.SplashActivity
ADDED from AndroidManifest.xml:35:9
	android:screenOrientation
		ADDED from AndroidManifest.xml:37:13
	android:theme
		ADDED from AndroidManifest.xml:38:13
	android:name
		ADDED from AndroidManifest.xml:36:13
intent-filter#android.intent.action.MAIN+android.intent.category.LAUNCHER
ADDED from AndroidManifest.xml:39:13
action#android.intent.action.MAIN
ADDED from AndroidManifest.xml:40:17
	android:name
		ADDED from AndroidManifest.xml:40:25
category#android.intent.category.LAUNCHER
ADDED from AndroidManifest.xml:42:17
	android:name
		ADDED from AndroidManifest.xml:42:27
meta-data#com.google.android.gms.version
ADDED from AndroidManifest.xml:46:9
MERGED from com.google.android.gms:play-services:6.5.87:21:9
	android:name
		ADDED from AndroidManifest.xml:47:13
	android:value
		ADDED from AndroidManifest.xml:48:13
meta-data#com.facebook.sdk.ApplicationId
ADDED from AndroidManifest.xml:49:9
	android:name
		ADDED from AndroidManifest.xml:50:13
	android:value
		ADDED from AndroidManifest.xml:51:13
meta-data#com.google.android.maps.v2.API_KEY
ADDED from AndroidManifest.xml:53:9
	android:name
		ADDED from AndroidManifest.xml:54:13
	android:value
		ADDED from AndroidManifest.xml:55:13
activity#com.findmycoach.app.activity.LoginActivity
ADDED from AndroidManifest.xml:57:9
	android:windowSoftInputMode
		ADDED from AndroidManifest.xml:61:13
	android:screenOrientation
		ADDED from AndroidManifest.xml:60:13
	android:label
		ADDED from AndroidManifest.xml:59:13
	android:name
		ADDED from AndroidManifest.xml:58:13
activity#com.findmycoach.app.activity.SignUpActivity
ADDED from AndroidManifest.xml:62:9
	android:windowSoftInputMode
		ADDED from AndroidManifest.xml:66:13
	android:screenOrientation
		ADDED from AndroidManifest.xml:65:13
	android:label
		ADDED from AndroidManifest.xml:64:13
	android:name
		ADDED from AndroidManifest.xml:63:13
activity#com.facebook.LoginActivity
ADDED from AndroidManifest.xml:67:9
	android:screenOrientation
		ADDED from AndroidManifest.xml:72:13
	android:noHistory
		ADDED from AndroidManifest.xml:71:13
	android:label
		ADDED from AndroidManifest.xml:69:13
	android:name
		ADDED from AndroidManifest.xml:68:13
	android:launchMode
		ADDED from AndroidManifest.xml:70:13
activity#com.findmycoach.app.activity.ForgotPasswordActivity
ADDED from AndroidManifest.xml:73:9
	android:screenOrientation
		ADDED from AndroidManifest.xml:76:13
	android:label
		ADDED from AndroidManifest.xml:75:13
	android:name
		ADDED from AndroidManifest.xml:74:13
activity#com.findmycoach.app.activity.DashboardActivity
ADDED from AndroidManifest.xml:77:9
	android:windowSoftInputMode
		ADDED from AndroidManifest.xml:82:13
	android:screenOrientation
		ADDED from AndroidManifest.xml:81:13
	android:label
		ADDED from AndroidManifest.xml:79:13
	android:name
		ADDED from AndroidManifest.xml:78:13
	android:launchMode
		ADDED from AndroidManifest.xml:80:13
activity#com.findmycoach.app.activity.EditProfileActivityMentor
ADDED from AndroidManifest.xml:83:9
	android:windowSoftInputMode
		ADDED from AndroidManifest.xml:87:13
	android:screenOrientation
		ADDED from AndroidManifest.xml:86:13
	android:label
		ADDED from AndroidManifest.xml:85:13
	android:name
		ADDED from AndroidManifest.xml:84:13
activity#com.findmycoach.app.activity.EditProfileActivityMentee
ADDED from AndroidManifest.xml:88:9
	android:windowSoftInputMode
		ADDED from AndroidManifest.xml:92:13
	android:screenOrientation
		ADDED from AndroidManifest.xml:91:13
	android:label
		ADDED from AndroidManifest.xml:90:13
	android:name
		ADDED from AndroidManifest.xml:89:13
activity#com.findmycoach.app.activity.AreasOfInterestActivity
ADDED from AndroidManifest.xml:93:9
	android:label
		ADDED from AndroidManifest.xml:95:13
	android:name
		ADDED from AndroidManifest.xml:94:13
activity#com.findmycoach.app.activity.ChooseImageActivity
ADDED from AndroidManifest.xml:96:9
	android:screenOrientation
		ADDED from AndroidManifest.xml:99:13
	android:label
		ADDED from AndroidManifest.xml:98:13
	android:name
		ADDED from AndroidManifest.xml:97:13
activity#com.findmycoach.app.activity.ChatWidgetActivity
ADDED from AndroidManifest.xml:100:9
	android:screenOrientation
		ADDED from AndroidManifest.xml:103:13
	android:label
		ADDED from AndroidManifest.xml:102:13
	android:name
		ADDED from AndroidManifest.xml:101:13
activity#com.findmycoach.app.activity.Settings
ADDED from AndroidManifest.xml:104:9
	android:screenOrientation
		ADDED from AndroidManifest.xml:107:13
	android:label
		ADDED from AndroidManifest.xml:106:13
	android:name
		ADDED from AndroidManifest.xml:105:13
activity#com.findmycoach.app.activity.SetScheduleActivity
ADDED from AndroidManifest.xml:108:9
	android:screenOrientation
		ADDED from AndroidManifest.xml:111:13
	android:label
		ADDED from AndroidManifest.xml:110:13
	android:name
		ADDED from AndroidManifest.xml:109:13
activity#com.findmycoach.app.activity.ValidatePhoneActivity
ADDED from AndroidManifest.xml:112:9
	android:windowSoftInputMode
		ADDED from AndroidManifest.xml:116:13
	android:screenOrientation
		ADDED from AndroidManifest.xml:115:13
	android:label
		ADDED from AndroidManifest.xml:114:13
	android:name
		ADDED from AndroidManifest.xml:113:13
activity#com.findmycoach.app.activity.AddNewSlotActivity
ADDED from AndroidManifest.xml:117:9
	android:screenOrientation
		ADDED from AndroidManifest.xml:120:13
	android:label
		ADDED from AndroidManifest.xml:119:13
	android:name
		ADDED from AndroidManifest.xml:118:13
activity#com.findmycoach.app.activity.StudentDetailActivity
ADDED from AndroidManifest.xml:122:9
	android:screenOrientation
		ADDED from AndroidManifest.xml:124:13
	android:name
		ADDED from AndroidManifest.xml:123:13
activity#com.findmycoach.app.activity.MentorDetailsActivity
ADDED from AndroidManifest.xml:125:9
	android:screenOrientation
		ADDED from AndroidManifest.xml:128:13
	android:label
		ADDED from AndroidManifest.xml:127:13
	android:name
		ADDED from AndroidManifest.xml:126:13
activity#com.findmycoach.app.activity.UserListActivity
ADDED from AndroidManifest.xml:129:9
	android:screenOrientation
		ADDED from AndroidManifest.xml:132:13
	android:label
		ADDED from AndroidManifest.xml:131:13
	android:name
		ADDED from AndroidManifest.xml:130:13
activity#com.findmycoach.app.activity.ScheduleYourVacation
ADDED from AndroidManifest.xml:134:9
	android:screenOrientation
		ADDED from AndroidManifest.xml:138:13
	android:label
		ADDED from AndroidManifest.xml:136:13
	android:name
		ADDED from AndroidManifest.xml:135:13
activity#com.findmycoach.app.activity.ScheduleNewClass
ADDED from AndroidManifest.xml:139:9
	android:screenOrientation
		ADDED from AndroidManifest.xml:142:13
	android:label
		ADDED from AndroidManifest.xml:141:13
	android:name
		ADDED from AndroidManifest.xml:140:13
activity#com.findmycoach.app.activity.PaymentDetailsActivity
ADDED from AndroidManifest.xml:144:9
	android:screenOrientation
		ADDED from AndroidManifest.xml:147:13
	android:label
		ADDED from AndroidManifest.xml:146:13
	android:name
		ADDED from AndroidManifest.xml:145:13
activity#com.findmycoach.app.activity.SubCategoryActivity
ADDED from AndroidManifest.xml:149:9
	android:name
		ADDED from AndroidManifest.xml:149:19
activity#com.findmycoach.app.activity.AboutWeekViewEvent
ADDED from AndroidManifest.xml:151:9
	android:screenOrientation
		ADDED from AndroidManifest.xml:154:13
	android:label
		ADDED from AndroidManifest.xml:153:13
	android:name
		ADDED from AndroidManifest.xml:152:13
activity#com.findmycoach.app.activity.CalendarPreferences
ADDED from AndroidManifest.xml:156:9
	android:screenOrientation
		ADDED from AndroidManifest.xml:159:13
	android:label
		ADDED from AndroidManifest.xml:158:13
	android:name
		ADDED from AndroidManifest.xml:157:13
activity#com.findmycoach.app.activity.MentorNotificationActions
ADDED from AndroidManifest.xml:160:9
	android:screenOrientation
		ADDED from AndroidManifest.xml:162:13
	android:name
		ADDED from AndroidManifest.xml:161:13
activity#com.findmycoach.app.activity.MenteeNotificationActions
ADDED from AndroidManifest.xml:164:9
	android:screenOrientation
		ADDED from AndroidManifest.xml:166:13
	android:name
		ADDED from AndroidManifest.xml:165:13
activity#com.findmycoach.app.activity.AreaOfInterestSub
ADDED from AndroidManifest.xml:169:9
	android:screenOrientation
		ADDED from AndroidManifest.xml:171:13
	android:name
		ADDED from AndroidManifest.xml:170:13
service#com.paypal.android.sdk.payments.PayPalService
ADDED from AndroidManifest.xml:174:9
	android:exported
		ADDED from AndroidManifest.xml:176:13
	android:name
		ADDED from AndroidManifest.xml:175:13
activity#com.paypal.android.sdk.payments.LoginActivity
ADDED from AndroidManifest.xml:178:9
	android:name
		ADDED from AndroidManifest.xml:178:19
activity#com.paypal.android.sdk.payments.PayPalFuturePaymentActivity
ADDED from AndroidManifest.xml:179:9
	android:name
		ADDED from AndroidManifest.xml:179:19
activity#com.paypal.android.sdk.payments.FuturePaymentConsentActivity
ADDED from AndroidManifest.xml:180:9
	android:name
		ADDED from AndroidManifest.xml:180:19
activity#com.paypal.android.sdk.payments.FuturePaymentInfoActivity
ADDED from AndroidManifest.xml:181:9
	android:name
		ADDED from AndroidManifest.xml:181:19
activity#io.card.payment.CardIOActivity
ADDED from AndroidManifest.xml:184:9
MERGED from io.card:android-sdk:5.0.1:22:9
	android:configChanges
		ADDED from AndroidManifest.xml:186:13
	android:name
		ADDED from AndroidManifest.xml:185:13
activity#io.card.payment.DataEntryActivity
ADDED from AndroidManifest.xml:187:9
MERGED from io.card:android-sdk:5.0.1:25:9
	android:name
		ADDED from AndroidManifest.xml:187:19
receiver#com.findmycoach.app.GcmBroadcastReceiver
ADDED from AndroidManifest.xml:189:9
	android:permission
		ADDED from AndroidManifest.xml:191:13
	android:name
		ADDED from AndroidManifest.xml:190:13
intent-filter#com.findmycoach.app+com.google.android.c2dm.intent.RECEIVE
ADDED from AndroidManifest.xml:192:13
action#com.google.android.c2dm.intent.RECEIVE
ADDED from AndroidManifest.xml:193:17
	android:name
		ADDED from AndroidManifest.xml:193:25
category#com.findmycoach.app
ADDED from AndroidManifest.xml:194:17
	android:name
		ADDED from AndroidManifest.xml:194:27
receiver#com.findmycoach.app.broadcast.IncomingSms
ADDED from AndroidManifest.xml:198:9
	android:name
		ADDED from AndroidManifest.xml:198:19
intent-filter#android.provider.Telephony.SMS_RECEIVED
ADDED from AndroidManifest.xml:199:13
action#android.provider.Telephony.SMS_RECEIVED
ADDED from AndroidManifest.xml:200:17
	android:name
		ADDED from AndroidManifest.xml:200:25
service#com.findmycoach.app.GcmFmcService
ADDED from AndroidManifest.xml:204:9
	android:name
		ADDED from AndroidManifest.xml:204:18
service#com.findmycoach.app.BackgroundService
ADDED from AndroidManifest.xml:205:9
	android:name
		ADDED from AndroidManifest.xml:205:18
uses-sdk
INJECTED from AndroidManifest.xml:0:0 reason: use-sdk injection requested
MERGED from com.facebook.android:facebook:3.21.0:20:5
MERGED from com.android.support:support-v4:22.0.0:20:5
MERGED from fmcmentor:cropper:unspecified:7:5
MERGED from com.google.android.gms:play-services:6.5.87:18:5
MERGED from com.android.support:support-v4:22.0.0:20:5
MERGED from com.android.support:appcompat-v7:22.0.0:20:5
MERGED from com.android.support:support-v4:22.0.0:20:5
MERGED from com.astuetz:pagerslidingtabstrip:1.0.1:2:5
MERGED from com.android.support:support-v4:22.0.0:20:5
MERGED from com.roomorama:caldroid:1.1.7:7:5
MERGED from com.android.support:support-v4:22.0.0:20:5
MERGED from com.github.alamkanak:android-week-view:1.2.1:5:5
MERGED from com.android.support:appcompat-v7:22.0.0:20:5
MERGED from com.android.support:support-v4:22.0.0:20:5
MERGED from io.card:android-sdk:5.0.1:7:5
MERGED from com.android.support:recyclerview-v7:21.0.0:15:5
MERGED from com.android.support:support-v4:22.0.0:20:5
MERGED from com.android.support:support-v4:22.0.0:20:5
	android:targetSdkVersion
		INJECTED from AndroidManifest.xml:0:0
		INJECTED from AndroidManifest.xml:0:0
	android:minSdkVersion
		INJECTED from AndroidManifest.xml:0:0
		INJECTED from AndroidManifest.xml:0:0
uses-permission#android.permission.CAMERA
ADDED from io.card:android-sdk:5.0.1:11:5
	android:name
		ADDED from io.card:android-sdk:5.0.1:11:22
uses-permission#android.permission.VIBRATE
ADDED from io.card:android-sdk:5.0.1:12:5
	android:name
		ADDED from io.card:android-sdk:5.0.1:12:22
uses-feature#android.hardware.camera
ADDED from io.card:android-sdk:5.0.1:14:5
	android:required
		ADDED from io.card:android-sdk:5.0.1:16:9
	android:name
		ADDED from io.card:android-sdk:5.0.1:15:9
uses-feature#android.hardware.camera.autofocus
ADDED from io.card:android-sdk:5.0.1:17:5
	android:required
		ADDED from io.card:android-sdk:5.0.1:19:9
	android:name
		ADDED from io.card:android-sdk:5.0.1:18:9
activity#android.support.v7.widget.TestActivity
ADDED from com.android.support:recyclerview-v7:21.0.0:18:9
	android:label
		ADDED from com.android.support:recyclerview-v7:21.0.0:18:19
	android:name
		ADDED from com.android.support:recyclerview-v7:21.0.0:18:60